<?xml version="1.0" encoding="UTF-8"?>
<!-- Generated by org.testng.reporters.JUnitXMLReporter -->
<testsuite ignored="0" hostname="LAPTOP-C3E785A9" failures="0" tests="3" name="Test" time="38.739" errors="0" timestamp="2026-02-01T00:33:02 IST">
  <testcase classname="testCases.TC003_LoginDDT" name="verify_loginDDT" time="7.509"/>
  <testcase classname="testCases.TC003_LoginDDT" name="verify_loginDDT" time="3.484"/>
  <testcase classname="testCases.TC003_LoginDDT" name="verify_loginDDT" time="3.437"/>
</testsuite> <!-- Test -->
