<?xml version="1.0" encoding="UTF-8"?>
<testsuite xmlns:xsi="http://www.w3.org/2001/XMLSchema-instance" xsi:noNamespaceSchemaLocation="https://maven.apache.org/surefire/maven-surefire-plugin/xsd/surefire-test-report.xsd" version="3.0.2" name="TestSuite" time="32.212" tests="2" errors="0" skipped="0" failures="0">
  <properties>
[...]
</properties>
  <testcase name="accountRegistration" classname="testCases.TC001_AccountRegistrationTest" time="8.403">
    <system-out><![CDATA[2025-07-05T20:19:46.477941600Z main INFO Starting configuration XmlConfiguration[location=C:\Users\Sohom\eclipse-workspace\Opencart\target\test-classes\log4j2.xml, lastModified=2025-07-03T17:38:33.969Z]...
2025-07-05T20:19:46.480944600Z main INFO Start watching for changes to C:\Users\Sohom\eclipse-workspace\Opencart\target\test-classes\log4j2.xml every 0 seconds
2025-07-05T20:19:46.480944600Z main INFO Configuration XmlConfiguration[location=C:\Users\Sohom\eclipse-workspace\Opencart\target\test-classes\log4j2.xml, lastModified=2025-07-03T17:38:33.969Z] started.
2025-07-05T20:19:46.484947Z main INFO Stopping configuration org.apache.logging.log4j.core.config.DefaultConfiguration@6a192cfe...
2025-07-05T20:19:46.485948100Z main INFO Configuration org.apache.logging.log4j.core.config.DefaultConfiguration@6a192cfe stopped.
Your Account Has Been Created!
]]></system-out>
    <system-err><![CDATA[???? 06, 2025 1:49:50 AM org.openqa.selenium.devtools.CdpVersionFinder findNearestMatch
WARNING: Unable to find an exact match for CDP version 138, returning the closest version; found: 137; Please update to a Selenium version that supports CDP version 138
]]></system-err>
  </testcase>
  <testcase name="verify_login" classname="testCases.TC002_LoginTest" time="5.395">
    <system-out><![CDATA[Success
]]></system-out>
    <system-err><![CDATA[???? 06, 2025 1:50:05 AM org.openqa.selenium.devtools.CdpVersionFinder findNearestMatch
WARNING: Unable to find an exact match for CDP version 138, returning the closest version; found: 137; Please update to a Selenium version that supports CDP version 138
]]></system-err>
  </testcase>
</testsuite>