<?xml version="1.0" encoding="UTF-8"?>
<testng-results ignored="0" total="2" passed="2" failed="0" skipped="0">
  <reporter-output>
  </reporter-output>
  <suite started-at="2025-07-06T01:49:46 IST" name="Suite" finished-at="2025-07-06T01:50:16 IST" duration-ms="29770">
    <groups>
      <group name="regression">
        <method signature="TC001_AccountRegistrationTest.accountRegistration()[pri:0, instance:testCases.TC001_AccountRegistrationTest@b2c5e07]" name="accountRegistration" class="testCases.TC001_AccountRegistrationTest"/>
      </group> <!-- regression -->
      <group name="sanity">
        <method signature="TC002_LoginTest.verify_login()[pri:0, instance:testCases.TC002_LoginTest@6b88ca8c]" name="verify_login" class="testCases.TC002_LoginTest"/>
      </group> <!-- sanity -->
      <group name="master">
        <method signature="TC001_AccountRegistrationTest.accountRegistration()[pri:0, instance:testCases.TC001_AccountRegistrationTest@b2c5e07]" name="accountRegistration" class="testCases.TC001_AccountRegistrationTest"/>
        <method signature="TC002_LoginTest.verify_login()[pri:0, instance:testCases.TC002_LoginTest@6b88ca8c]" name="verify_login" class="testCases.TC002_LoginTest"/>
      </group> <!-- master -->
    </groups>
    <test started-at="2025-07-06T01:49:46 IST" name="Test" finished-at="2025-07-06T01:50:16 IST" duration-ms="29770">
      <class name="testCases.TC002_LoginTest">
        <test-method is-config="true" signature="setup(java.lang.String,java.lang.String)[pri:0, instance:testCases.TC002_LoginTest@6b88ca8c]" started-at="2025-07-06T01:50:04 IST" name="setup" finished-at="2025-07-06T01:50:10 IST" duration-ms="6238" status="PASS">
          <params>
            <param index="0">
              <value>
                <![CDATA[windows]]>
              </value>
            </param>
            <param index="1">
              <value>
                <![CDATA[chrome]]>
              </value>
            </param>
          </params>
          <reporter-output>
          </reporter-output>
        </test-method> <!-- setup -->
        <test-method signature="verify_login()[pri:0, instance:testCases.TC002_LoginTest@6b88ca8c]" started-at="2025-07-06T01:50:10 IST" name="verify_login" finished-at="2025-07-06T01:50:15 IST" duration-ms="5389" status="PASS">
          <reporter-output>
          </reporter-output>
        </test-method> <!-- verify_login -->
        <test-method is-config="true" signature="tearDown()[pri:0, instance:testCases.TC002_LoginTest@6b88ca8c]" started-at="2025-07-06T01:50:15 IST" name="tearDown" finished-at="2025-07-06T01:50:16 IST" duration-ms="811" status="PASS">
          <reporter-output>
          </reporter-output>
        </test-method> <!-- tearDown -->
      </class> <!-- testCases.TC002_LoginTest -->
      <class name="testCases.TC001_AccountRegistrationTest">
        <test-method is-config="true" signature="setup(java.lang.String,java.lang.String)[pri:0, instance:testCases.TC001_AccountRegistrationTest@b2c5e07]" started-at="2025-07-06T01:49:47 IST" name="setup" finished-at="2025-07-06T01:49:55 IST" duration-ms="7774" status="PASS">
          <params>
            <param index="0">
              <value>
                <![CDATA[windows]]>
              </value>
            </param>
            <param index="1">
              <value>
                <![CDATA[chrome]]>
              </value>
            </param>
          </params>
          <reporter-output>
          </reporter-output>
        </test-method> <!-- setup -->
        <test-method signature="accountRegistration()[pri:0, instance:testCases.TC001_AccountRegistrationTest@b2c5e07]" started-at="2025-07-06T01:49:55 IST" name="accountRegistration" finished-at="2025-07-06T01:50:03 IST" duration-ms="8395" status="PASS">
          <reporter-output>
          </reporter-output>
        </test-method> <!-- accountRegistration -->
        <test-method is-config="true" signature="tearDown()[pri:0, instance:testCases.TC001_AccountRegistrationTest@b2c5e07]" started-at="2025-07-06T01:50:03 IST" name="tearDown" finished-at="2025-07-06T01:50:04 IST" duration-ms="782" status="PASS">
          <reporter-output>
          </reporter-output>
        </test-method> <!-- tearDown -->
      </class> <!-- testCases.TC001_AccountRegistrationTest -->
    </test> <!-- Test -->
  </suite> <!-- Suite -->
</testng-results>
