<?xml version="1.0" encoding="UTF-8"?>
<testng-results ignored="0" total="3" passed="3" failed="0" skipped="0">
  <reporter-output>
  </reporter-output>
  <suite started-at="2026-02-01T00:32:23 IST" name="Suite" finished-at="2026-02-01T00:33:01 IST" duration-ms="38739">
    <groups>
      <group name="datadriven">
        <method signature="TC003_LoginDDT.verify_loginDDT(java.lang.String,java.lang.String,java.lang.String)[pri:0, instance:testCases.TC003_LoginDDT@2826f61]" name="verify_loginDDT" class="testCases.TC003_LoginDDT"/>
      </group> <!-- datadriven -->
    </groups>
    <test started-at="2026-02-01T00:32:23 IST" name="Test" finished-at="2026-02-01T00:33:01 IST" duration-ms="38739">
      <class name="testCases.TC003_LoginDDT">
        <test-method is-config="true" signature="setup(java.lang.String,java.lang.String)[pri:0, instance:testCases.TC003_LoginDDT@2826f61]" started-at="2026-02-01T00:32:23 IST" name="setup" finished-at="2026-02-01T00:32:43 IST" duration-ms="19687" status="PASS">
          <params>
            <param index="0">
              <value>
                <![CDATA[windows]]>
              </value>
            </param>
            <param index="1">
              <value>
                <![CDATA[chrome]]>
              </value>
            </param>
          </params>
          <reporter-output>
          </reporter-output>
        </test-method> <!-- setup -->
        <test-method signature="verify_loginDDT(java.lang.String,java.lang.String,java.lang.String)[pri:0, instance:testCases.TC003_LoginDDT@2826f61]" started-at="2026-02-01T00:32:44 IST" name="verify_loginDDT" data-provider="LoginData" finished-at="2026-02-01T00:32:52 IST" duration-ms="7509" status="PASS">
          <params>
            <param index="0">
              <value>
                <![CDATA[sd@gmail.com]]>
              </value>
            </param>
            <param index="1">
              <value>
                <![CDATA[qwerty@]]>
              </value>
            </param>
            <param index="2">
              <value>
                <![CDATA[Valid]]>
              </value>
            </param>
          </params>
          <reporter-output>
          </reporter-output>
        </test-method> <!-- verify_loginDDT -->
        <test-method signature="verify_loginDDT(java.lang.String,java.lang.String,java.lang.String)[pri:0, instance:testCases.TC003_LoginDDT@2826f61]" started-at="2026-02-01T00:32:52 IST" name="verify_loginDDT" data-provider="LoginData" finished-at="2026-02-01T00:32:55 IST" duration-ms="3484" status="PASS">
          <params>
            <param index="0">
              <value>
                <![CDATA[abc@gmail.com]]>
              </value>
            </param>
            <param index="1">
              <value>
                <![CDATA[qwerty1]]>
              </value>
            </param>
            <param index="2">
              <value>
                <![CDATA[Invalid]]>
              </value>
            </param>
          </params>
          <reporter-output>
          </reporter-output>
        </test-method> <!-- verify_loginDDT -->
        <test-method signature="verify_loginDDT(java.lang.String,java.lang.String,java.lang.String)[pri:0, instance:testCases.TC003_LoginDDT@2826f61]" started-at="2026-02-01T00:32:55 IST" name="verify_loginDDT" data-provider="LoginData" finished-at="2026-02-01T00:32:59 IST" duration-ms="3437" status="PASS">
          <params>
            <param index="0">
              <value>
                <![CDATA[]]>
              </value>
            </param>
            <param index="1">
              <value>
                <![CDATA[qwerty123]]>
              </value>
            </param>
            <param index="2">
              <value>
                <![CDATA[Invalid]]>
              </value>
            </param>
          </params>
          <reporter-output>
          </reporter-output>
        </test-method> <!-- verify_loginDDT -->
        <test-method is-config="true" signature="tearDown()[pri:0, instance:testCases.TC003_LoginDDT@2826f61]" started-at="2026-02-01T00:32:59 IST" name="tearDown" finished-at="2026-02-01T00:33:01 IST" duration-ms="2665" status="PASS">
          <reporter-output>
          </reporter-output>
        </test-method> <!-- tearDown -->
      </class> <!-- testCases.TC003_LoginDDT -->
    </test> <!-- Test -->
  </suite> <!-- Suite -->
</testng-results>
