<?xml version="1.0" encoding="UTF-8"?>
<!-- Generated by org.testng.reporters.JUnitReportReporter -->
<testsuite hostname="LAPTOP-C3E785A9" failures="0" tests="3" name="testCases.TC003_LoginDDT" time="14.430" errors="0" timestamp="2026-02-01T00:33:03 IST" skipped="0">
  <testcase classname="testCases.TC003_LoginDDT" name="verify_loginDDT" time="3.437"/>
  <testcase classname="testCases.TC003_LoginDDT" name="verify_loginDDT" time="7.509"/>
  <testcase classname="testCases.TC003_LoginDDT" name="verify_loginDDT" time="3.484"/>
</testsuite> <!-- testCases.TC003_LoginDDT -->
