<?xml version="1.0" encoding="UTF-8"?>
<!-- Generated by org.testng.reporters.JUnitReportReporter -->
<testsuite hostname="LAPTOP-C3E785A9" failures="0" tests="3" name="testCases.TC003_LoginDDT" time="12.152" errors="0" timestamp="2025-07-04T02:04:25 IST" skipped="0">
  <testcase classname="testCases.TC003_LoginDDT" name="verify_loginDDT" time="3.168"/>
  <testcase classname="testCases.TC003_LoginDDT" name="verify_loginDDT" time="2.780"/>
  <testcase classname="testCases.TC003_LoginDDT" name="verify_loginDDT" time="6.204"/>
</testsuite> <!-- testCases.TC003_LoginDDT -->
